<?xml version="1.0" encoding="UTF-8"?>
<!-- Generated by org.testng.reporters.JUnitXMLReporter -->
<testsuite hostname="DESKTOP-VMSO8QB" ignored="3" name="test" tests="5" failures="1" timestamp="18 Jul 2020 07:31:48 GMT" time="268.729" errors="0">
  <testcase name="loginTest" time="61.473" classname="com.projectName.companyName.testcases.MultiplewindowsHandling"/>
  <testcase name="suspended" time="45.39" classname="com.projectName.companyName.testcases.TC002"/>
  <testcase name="suspended" time="21.614" classname="com.projectName.companyName.testcases.TC002"/>
  <testcase name="loginTest" time="19.649" classname="com.projectName.companyName.testcases.TC001"/>
  <testcase name="loginTest" time="266.867" classname="com.projectName.companyName.testcases.SelectDropDownValues">
    <failure type="java.lang.NullPointerException">
      <![CDATA[java.lang.NullPointerException
	at org.openqa.selenium.support.pagefactory.internal.LocatingElementHandler.invoke(LocatingElementHandler.java:51)
	at com.sun.proxy.$Proxy8.toString(Unknown Source)
	at java.lang.String.valueOf(String.java:2994)
	at java.lang.StringBuilder.append(StringBuilder.java:131)
	at org.openqa.selenium.support.ui.ExpectedConditions$10.toString(ExpectedConditions.java:306)
	at java.lang.String.valueOf(String.java:2994)
	at java.lang.StringBuilder.append(StringBuilder.java:131)
	at org.openqa.selenium.support.ui.FluentWait.until(FluentWait.java:279)
	at com.DemoProfject.CompanyName.Pageobjects.BasePage.waitForPageToLoad(BasePage.java:93)
	at com.DemoProfject.CompanyName.Pageobjects.BasePage.openPage(BasePage.java:71)
	at com.DemoProfject.CompanyName.Pageobjects.FacebookPage.open(FacebookPage.java:37)
	at com.projectName.companyName.testcases.SelectDropDownValues.loginTest(SelectDropDownValues.java:27)
	at java.util.concurrent.ThreadPoolExecutor.runWorker(ThreadPoolExecutor.java:1149)
	at java.util.concurrent.ThreadPoolExecutor$Worker.run(ThreadPoolExecutor.java:624)
	at java.lang.Thread.run(Thread.java:748)
... Removed 14 stack frames]]>
    </failure>
  </testcase> <!-- loginTest -->
  <testcase name="@BeforeSuite setUpFramework" time="0.0" classname="com.projectName.companyName.testcases.BaseTest">
    <ignored/>
  </testcase> <!-- @BeforeSuite setUpFramework -->
  <testcase name="@BeforeSuite setUpFramework" time="0.0" classname="com.projectName.companyName.testcases.BaseTest">
    <ignored/>
  </testcase> <!-- @BeforeSuite setUpFramework -->
  <testcase name="@BeforeSuite setUpFramework" time="0.0" classname="com.projectName.companyName.testcases.BaseTest">
    <ignored/>
  </testcase> <!-- @BeforeSuite setUpFramework -->
</testsuite> <!-- test -->
