<?xml version="1.0" encoding="UTF-8"?>
<testng-results skipped="0" failed="1" ignored="3" total="8" passed="4">
  <reporter-output>
  </reporter-output>
  <suite name="Suite" duration-ms="268729" started-at="2020-07-18T07:27:20Z" finished-at="2020-07-18T07:31:48Z">
    <groups>
    </groups>
    <test name="test" duration-ms="268729" started-at="2020-07-18T07:27:20Z" finished-at="2020-07-18T07:31:48Z">
      <class name="com.projectName.companyName.testcases.TC001">
        <test-method status="PASS" signature="loginTest(java.util.Hashtable)[pri:0, instance:com.projectName.companyName.testcases.TC001@11438d26]" name="loginTest" duration-ms="19649" started-at="2020-07-18T12:59:32Z" data-provider="masterDP" finished-at="2020-07-18T12:59:52Z">
          <params>
            <param index="0">
              <value>
                <![CDATA[{browser=chrome, password=Admin@123, email=andrew74444@gmail.com, Runmode=Y}]]>
              </value>
            </param>
          </params>
          <reporter-output>
          </reporter-output>
        </test-method> <!-- loginTest -->
        <test-method status="PASS" signature="tearDown()[pri:0, instance:com.projectName.companyName.testcases.TC001@11438d26]" name="tearDown" is-config="true" duration-ms="756" started-at="2020-07-18T12:59:52Z" finished-at="2020-07-18T12:59:52Z">
          <reporter-output>
          </reporter-output>
        </test-method> <!-- tearDown -->
      </class> <!-- com.projectName.companyName.testcases.TC001 -->
      <class name="com.projectName.companyName.testcases.TC002">
        <test-method status="PASS" signature="suspended(java.util.Hashtable)[pri:0, instance:com.projectName.companyName.testcases.TC002@458c1321]" name="suspended" duration-ms="45390" started-at="2020-07-18T12:58:23Z" data-provider="masterDP" finished-at="2020-07-18T12:59:08Z">
          <params>
            <param index="0">
              <value>
                <![CDATA[{browser=chrome, password=Admin@123, email=andrew74444@gmail.com, Runmode=Y}]]>
              </value>
            </param>
          </params>
          <reporter-output>
          </reporter-output>
        </test-method> <!-- suspended -->
        <test-method status="PASS" signature="tearDown()[pri:0, instance:com.projectName.companyName.testcases.TC002@458c1321]" name="tearDown" is-config="true" duration-ms="702" started-at="2020-07-18T12:59:08Z" finished-at="2020-07-18T12:59:09Z">
          <reporter-output>
          </reporter-output>
        </test-method> <!-- tearDown -->
        <test-method status="PASS" signature="suspended(java.util.Hashtable)[pri:0, instance:com.projectName.companyName.testcases.TC002@458c1321]" name="suspended" duration-ms="21614" started-at="2020-07-18T12:59:09Z" data-provider="masterDP" finished-at="2020-07-18T12:59:31Z">
          <params>
            <param index="0">
              <value>
                <![CDATA[{browser=firefox, password=Admin@123, email=andrew74444@gmail.com, Runmode=Y}]]>
              </value>
            </param>
          </params>
          <reporter-output>
          </reporter-output>
        </test-method> <!-- suspended -->
        <test-method status="PASS" signature="tearDown()[pri:0, instance:com.projectName.companyName.testcases.TC002@458c1321]" name="tearDown" is-config="true" duration-ms="1220" started-at="2020-07-18T12:59:31Z" finished-at="2020-07-18T12:59:32Z">
          <reporter-output>
          </reporter-output>
        </test-method> <!-- tearDown -->
      </class> <!-- com.projectName.companyName.testcases.TC002 -->
      <class name="com.projectName.companyName.testcases.MultiplewindowsHandling">
        <test-method status="PASS" signature="loginTest(java.util.Hashtable)[pri:0, instance:com.projectName.companyName.testcases.MultiplewindowsHandling@305fd85d]" name="loginTest" duration-ms="61473" started-at="2020-07-18T12:57:21Z" data-provider="masterDP" finished-at="2020-07-18T12:58:22Z">
          <params>
            <param index="0">
              <value>
                <![CDATA[{browser=chrome, password=Admin@123, email=andrew74444@gmail.com, Runmode=Y}]]>
              </value>
            </param>
          </params>
          <reporter-output>
          </reporter-output>
        </test-method> <!-- loginTest -->
        <test-method status="PASS" signature="tearDown()[pri:0, instance:com.projectName.companyName.testcases.MultiplewindowsHandling@305fd85d]" name="tearDown" is-config="true" duration-ms="831" started-at="2020-07-18T12:58:22Z" finished-at="2020-07-18T12:58:23Z">
          <reporter-output>
          </reporter-output>
        </test-method> <!-- tearDown -->
      </class> <!-- com.projectName.companyName.testcases.MultiplewindowsHandling -->
      <class name="com.projectName.companyName.testcases.SelectDropDownValues">
        <test-method status="PASS" signature="setUpFramework()[pri:0, instance:com.projectName.companyName.testcases.SelectDropDownValues@1877ab81]" name="setUpFramework" is-config="true" duration-ms="24" started-at="2020-07-18T12:57:20Z" finished-at="2020-07-18T12:57:20Z">
          <reporter-output>
          </reporter-output>
        </test-method> <!-- setUpFramework -->
        <test-method status="FAIL" signature="loginTest(java.util.Hashtable)[pri:0, instance:com.projectName.companyName.testcases.SelectDropDownValues@1877ab81]" name="loginTest" duration-ms="266867" started-at="2020-07-18T12:57:21Z" data-provider="masterDP" finished-at="2020-07-18T13:01:48Z">
          <params>
            <param index="0">
              <value>
                <![CDATA[{browser=chrome, password=Admin@123, email=andrew74444@gmail.com, Runmode=Y}]]>
              </value>
            </param>
          </params>
          <exception class="java.lang.NullPointerException">
            <full-stacktrace>
              <![CDATA[java.lang.NullPointerException
	at sun.reflect.NativeMethodAccessorImpl.invoke0(Native Method)
	at sun.reflect.NativeMethodAccessorImpl.invoke(NativeMethodAccessorImpl.java:62)
	at sun.reflect.DelegatingMethodAccessorImpl.invoke(DelegatingMethodAccessorImpl.java:43)
	at java.lang.reflect.Method.invoke(Method.java:498)
	at org.openqa.selenium.support.pagefactory.internal.LocatingElementHandler.invoke(LocatingElementHandler.java:51)
	at com.sun.proxy.$Proxy8.toString(Unknown Source)
	at java.lang.String.valueOf(String.java:2994)
	at java.lang.StringBuilder.append(StringBuilder.java:131)
	at org.openqa.selenium.support.ui.ExpectedConditions$10.toString(ExpectedConditions.java:306)
	at java.lang.String.valueOf(String.java:2994)
	at java.lang.StringBuilder.append(StringBuilder.java:131)
	at org.openqa.selenium.support.ui.FluentWait.until(FluentWait.java:279)
	at com.DemoProfject.CompanyName.Pageobjects.BasePage.waitForPageToLoad(BasePage.java:93)
	at com.DemoProfject.CompanyName.Pageobjects.BasePage.openPage(BasePage.java:71)
	at com.DemoProfject.CompanyName.Pageobjects.FacebookPage.open(FacebookPage.java:37)
	at com.projectName.companyName.testcases.SelectDropDownValues.loginTest(SelectDropDownValues.java:27)
	at sun.reflect.NativeMethodAccessorImpl.invoke0(Native Method)
	at sun.reflect.NativeMethodAccessorImpl.invoke(NativeMethodAccessorImpl.java:62)
	at sun.reflect.DelegatingMethodAccessorImpl.invoke(DelegatingMethodAccessorImpl.java:43)
	at java.lang.reflect.Method.invoke(Method.java:498)
	at org.testng.internal.MethodInvocationHelper.invokeMethod(MethodInvocationHelper.java:108)
	at org.testng.internal.Invoker.invokeMethod(Invoker.java:661)
	at org.testng.internal.Invoker.invokeTestMethod(Invoker.java:869)
	at org.testng.internal.Invoker.invokeTestMethods(Invoker.java:1193)
	at org.testng.internal.TestMethodWorker.invokeTestMethods(TestMethodWorker.java:126)
	at org.testng.internal.TestMethodWorker.run(TestMethodWorker.java:109)
	at java.util.concurrent.ThreadPoolExecutor.runWorker(ThreadPoolExecutor.java:1149)
	at java.util.concurrent.ThreadPoolExecutor$Worker.run(ThreadPoolExecutor.java:624)
	at java.lang.Thread.run(Thread.java:748)
]]>
            </full-stacktrace>
          </exception> <!-- java.lang.NullPointerException -->
          <reporter-output>
          </reporter-output>
        </test-method> <!-- loginTest -->
        <test-method status="PASS" signature="tearDown()[pri:0, instance:com.projectName.companyName.testcases.SelectDropDownValues@1877ab81]" name="tearDown" is-config="true" duration-ms="750" started-at="2020-07-18T13:01:48Z" finished-at="2020-07-18T13:01:48Z">
          <reporter-output>
          </reporter-output>
        </test-method> <!-- tearDown -->
      </class> <!-- com.projectName.companyName.testcases.SelectDropDownValues -->
    </test> <!-- test -->
  </suite> <!-- Suite -->
</testng-results>
