<?xml version="1.0" encoding="UTF-8"?>
<testng-results skipped="0" failed="0" ignored="0" total="1" passed="1">
  <reporter-output>
  </reporter-output>
  <suite name="Suite" duration-ms="53226" started-at="2020-06-29T17:15:41Z" finished-at="2020-06-29T17:16:34Z">
    <groups>
    </groups>
    <test name="test" duration-ms="53226" started-at="2020-06-29T17:15:41Z" finished-at="2020-06-29T17:16:34Z">
      <class name="com.projectName.companyName.testcases.TC001">
        <test-method status="PASS" signature="setUpFramework()[pri:0, instance:com.projectName.companyName.testcases.TC001@4f063c0a]" name="setUpFramework" is-config="true" duration-ms="12" started-at="2020-06-29T22:45:41Z" finished-at="2020-06-29T22:45:41Z">
          <reporter-output>
          </reporter-output>
        </test-method> <!-- setUpFramework -->
        <test-method status="PASS" signature="loginTest(java.util.Hashtable)[pri:0, instance:com.projectName.companyName.testcases.TC001@4f063c0a]" name="loginTest" duration-ms="50971" started-at="2020-06-29T22:45:41Z" data-provider="masterDP" finished-at="2020-06-29T22:46:32Z">
          <params>
            <param index="0">
              <value>
                <![CDATA[{browser=chrome, password=Admin@123, email=andrew74444@gmail.com, Runmode=Y}]]>
              </value>
            </param>
          </params>
          <reporter-output>
          </reporter-output>
        </test-method> <!-- loginTest -->
        <test-method status="PASS" signature="tearDown()[pri:0, instance:com.projectName.companyName.testcases.TC001@4f063c0a]" name="tearDown" is-config="true" duration-ms="1410" started-at="2020-06-29T22:46:32Z" finished-at="2020-06-29T22:46:34Z">
          <reporter-output>
          </reporter-output>
        </test-method> <!-- tearDown -->
      </class> <!-- com.projectName.companyName.testcases.TC001 -->
    </test> <!-- test -->
  </suite> <!-- Suite -->
</testng-results>
